<?xml version="1.0" encoding="UTF-8"?>
<!-- Generated by org.testng.reporters.JUnitReportReporter -->
<testsuite hostname="LAPTOP-0VJ645C1" failures="0" tests="5" name="tests.TestCase" time="8.420" errors="0" timestamp="2025-08-18T20:40:40 IST" skipped="0">
  <testcase classname="tests.TestCase" name="testLogin" time="1.492"/>
  <testcase classname="tests.TestCase" name="testLogin" time="2.479"/>
  <testcase classname="tests.TestCase" name="testLogin" time="1.510"/>
  <testcase classname="tests.TestCase" name="testLogin" time="1.458"/>
  <testcase classname="tests.TestCase" name="testLogin" time="1.481"/>
</testsuite> <!-- tests.TestCase -->
