<?xml version="1.0" encoding="UTF-8"?>
<!-- Generated by org.testng.reporters.JUnitReportReporter -->
<testsuite hostname="LAPTOP-0VJ645C1" failures="0" tests="1" name="CrossBrowserTest" time="3.726" errors="0" timestamp="2025-08-18T22:20:36 IST" skipped="0">
  <testcase classname="CrossBrowserTest" name="testLogin" time="3.726"/>
</testsuite> <!-- CrossBrowserTest -->
